<?xml version="1.0" encoding="UTF-8"?>
<!-- Generated by org.testng.reporters.JUnitXMLReporter -->
<testsuite hostname="DESKTOP-76O5QF6" failures="0" tests="3" name="Regression1" time="75.883" errors="0" timestamp="8 Aug 2021 09:24:52 GMT">
  <testcase classname="com.hrms.testscripts.TestCase_101" name="tc100" time="27.58"/>
  <testcase classname="com.hrms.testscripts.TestCase_101" name="tc101" time="26.951"/>
  <testcase classname="com.hrms.testscripts.TestCase_102" name="tc101" time="21.314"/>
</testsuite> <!-- Regression1 -->
