<?xml version="1.0" encoding="UTF-8"?>
<testng-results total="1" passed="1" failed="0" skipped="0">
  <reporter-output>
    <line>
      <![CDATA[Application Opened]]>
    </line>
    <line>
      <![CDATA[Title Matched]]>
    </line>
    <line>
      <![CDATA[Login Completed]]>
    </line>
    <line>
      <![CDATA[Title  not matched and Expeected Title isOrangeHRM]]>
    </line>
    <line>
      <![CDATA[Application Closed]]>
    </line>
  </reporter-output>
  <suite started-at="2021-08-13T06:21:53Z" name="Default suite" finished-at="2021-08-13T06:24:52Z" duration-ms="178547">
    <groups>
    </groups>
    <test started-at="2021-08-13T06:21:53Z" name="Default test" finished-at="2021-08-13T06:24:52Z" duration-ms="178547">
      <class name="com.hrms.testscripts.TestCase_101">
        <test-method signature="tc100()[pri:0, instance:com.hrms.testscripts.TestCase_101@42a15bdc]" started-at="2021-08-13T11:51:53Z" name="tc100" finished-at="2021-08-13T11:54:52Z" duration-ms="178518" status="PASS">
          <reporter-output>
            <line>
              <![CDATA[Application Opened]]>
            </line>
            <line>
              <![CDATA[Title Matched]]>
            </line>
            <line>
              <![CDATA[Login Completed]]>
            </line>
            <line>
              <![CDATA[Title  not matched and Expeected Title isOrangeHRM]]>
            </line>
            <line>
              <![CDATA[Application Closed]]>
            </line>
          </reporter-output>
        </test-method> <!-- tc100 -->
      </class> <!-- com.hrms.testscripts.TestCase_101 -->
    </test> <!-- Default test -->
  </suite> <!-- Default suite -->
</testng-results>
