<?xml version="1.0" encoding="UTF-8"?>
<testng-results total="3" passed="3" failed="0" skipped="0">
  <reporter-output>
    <line>
      <![CDATA[Application Opened]]>
    </line>
    <line>
      <![CDATA[Title Matched]]>
    </line>
    <line>
      <![CDATA[Login Completed]]>
    </line>
    <line>
      <![CDATA[Title  not matched and Expeected Title isOrangeHRM]]>
    </line>
    <line>
      <![CDATA[Application Closed]]>
    </line>
    <line>
      <![CDATA[Application Opened]]>
    </line>
    <line>
      <![CDATA[Title  not matched and Expeected Title isOrangeHRM]]>
    </line>
    <line>
      <![CDATA[Login Completed]]>
    </line>
    <line>
      <![CDATA[Title  not matched and Expeected Title isOrangeHRM]]>
    </line>
    <line>
      <![CDATA[Application Closed]]>
    </line>
    <line>
      <![CDATA[Application Opened]]>
    </line>
    <line>
      <![CDATA[Title  not matched and Expeected Title isOrangeHRM]]>
    </line>
    <line>
      <![CDATA[Login Completed]]>
    </line>
    <line>
      <![CDATA[Title  not matched and Expeected Title isOrangeHRM]]>
    </line>
    <line>
      <![CDATA[Application Closed]]>
    </line>
  </reporter-output>
  <suite started-at="2021-08-08T09:23:36Z" name="Suite1" finished-at="2021-08-08T09:24:52Z" duration-ms="75883">
    <groups>
    </groups>
    <test started-at="2021-08-08T09:23:36Z" name="Regression1" finished-at="2021-08-08T09:24:52Z" duration-ms="75883">
      <class name="com.hrms.testscripts.TestCase_101">
        <test-method signature="tc100()[pri:0, instance:com.hrms.testscripts.TestCase_101@3eb25e1a]" started-at="2021-08-08T14:53:36Z" name="tc100" finished-at="2021-08-08T14:54:04Z" duration-ms="27580" status="PASS">
          <reporter-output>
            <line>
              <![CDATA[Application Opened]]>
            </line>
            <line>
              <![CDATA[Title Matched]]>
            </line>
            <line>
              <![CDATA[Login Completed]]>
            </line>
            <line>
              <![CDATA[Title  not matched and Expeected Title isOrangeHRM]]>
            </line>
            <line>
              <![CDATA[Application Closed]]>
            </line>
          </reporter-output>
        </test-method> <!-- tc100 -->
        <test-method signature="tc101()[pri:0, instance:com.hrms.testscripts.TestCase_101@3eb25e1a]" started-at="2021-08-08T14:54:04Z" name="tc101" finished-at="2021-08-08T14:54:31Z" duration-ms="26951" status="PASS">
          <reporter-output>
            <line>
              <![CDATA[Application Opened]]>
            </line>
            <line>
              <![CDATA[Title  not matched and Expeected Title isOrangeHRM]]>
            </line>
            <line>
              <![CDATA[Login Completed]]>
            </line>
            <line>
              <![CDATA[Title  not matched and Expeected Title isOrangeHRM]]>
            </line>
            <line>
              <![CDATA[Application Closed]]>
            </line>
          </reporter-output>
        </test-method> <!-- tc101 -->
      </class> <!-- com.hrms.testscripts.TestCase_101 -->
      <class name="com.hrms.testscripts.TestCase_102">
        <test-method signature="tc101()[pri:0, instance:com.hrms.testscripts.TestCase_102@10683d9d]" started-at="2021-08-08T14:54:31Z" name="tc101" finished-at="2021-08-08T14:54:52Z" duration-ms="21314" status="PASS">
          <reporter-output>
            <line>
              <![CDATA[Application Opened]]>
            </line>
            <line>
              <![CDATA[Title  not matched and Expeected Title isOrangeHRM]]>
            </line>
            <line>
              <![CDATA[Login Completed]]>
            </line>
            <line>
              <![CDATA[Title  not matched and Expeected Title isOrangeHRM]]>
            </line>
            <line>
              <![CDATA[Application Closed]]>
            </line>
          </reporter-output>
        </test-method> <!-- tc101 -->
      </class> <!-- com.hrms.testscripts.TestCase_102 -->
    </test> <!-- Regression1 -->
  </suite> <!-- Suite1 -->
</testng-results>
